Determining if the pthread_create exist failed with the following output:
Change Dir: /home/jack/Documents/CS430/Proj5/glfw-3.2.1/CMakeFiles/CMakeTmp

Run Build Command:"/usr/bin/make" "cmTC_2b006/fast"
/usr/bin/make -f CMakeFiles/cmTC_2b006.dir/build.make CMakeFiles/cmTC_2b006.dir/build
make[1]: Entering directory '/home/jack/Documents/CS430/Proj5/glfw-3.2.1/CMakeFiles/CMakeTmp'
Building C object CMakeFiles/cmTC_2b006.dir/CheckSymbolExists.c.o
/usr/bin/cc     -o CMakeFiles/cmTC_2b006.dir/CheckSymbolExists.c.o   -c /home/jack/Documents/CS430/Proj5/glfw-3.2.1/CMakeFiles/CMakeTmp/CheckSymbolExists.c
Linking C executable cmTC_2b006
/usr/bin/cmake -E cmake_link_script CMakeFiles/cmTC_2b006.dir/link.txt --verbose=1
/usr/bin/cc       CMakeFiles/cmTC_2b006.dir/CheckSymbolExists.c.o  -o cmTC_2b006 -rdynamic 
CMakeFiles/cmTC_2b006.dir/CheckSymbolExists.c.o: In function `main':
CheckSymbolExists.c:(.text+0x16): undefined reference to `pthread_create'
collect2: error: ld returned 1 exit status
CMakeFiles/cmTC_2b006.dir/build.make:97: recipe for target 'cmTC_2b006' failed
make[1]: *** [cmTC_2b006] Error 1
make[1]: Leaving directory '/home/jack/Documents/CS430/Proj5/glfw-3.2.1/CMakeFiles/CMakeTmp'
Makefile:126: recipe for target 'cmTC_2b006/fast' failed
make: *** [cmTC_2b006/fast] Error 2

File /home/jack/Documents/CS430/Proj5/glfw-3.2.1/CMakeFiles/CMakeTmp/CheckSymbolExists.c:
/* */
#include <pthread.h>

int main(int argc, char** argv)
{
  (void)argv;
#ifndef pthread_create
  return ((int*)(&pthread_create))[argc];
#else
  (void)argc;
  return 0;
#endif
}

Determining if the function pthread_create exists in the pthreads failed with the following output:
Change Dir: /home/jack/Documents/CS430/Proj5/glfw-3.2.1/CMakeFiles/CMakeTmp

Run Build Command:"/usr/bin/make" "cmTC_af769/fast"
/usr/bin/make -f CMakeFiles/cmTC_af769.dir/build.make CMakeFiles/cmTC_af769.dir/build
make[1]: Entering directory '/home/jack/Documents/CS430/Proj5/glfw-3.2.1/CMakeFiles/CMakeTmp'
Building C object CMakeFiles/cmTC_af769.dir/CheckFunctionExists.c.o
/usr/bin/cc    -DCHECK_FUNCTION_EXISTS=pthread_create   -o CMakeFiles/cmTC_af769.dir/CheckFunctionExists.c.o   -c /usr/share/cmake-3.5/Modules/CheckFunctionExists.c
Linking C executable cmTC_af769
/usr/bin/cmake -E cmake_link_script CMakeFiles/cmTC_af769.dir/link.txt --verbose=1
/usr/bin/cc   -DCHECK_FUNCTION_EXISTS=pthread_create    CMakeFiles/cmTC_af769.dir/CheckFunctionExists.c.o  -o cmTC_af769 -rdynamic -lpthreads 
/usr/bin/ld: cannot find -lpthreads
collect2: error: ld returned 1 exit status
CMakeFiles/cmTC_af769.dir/build.make:97: recipe for target 'cmTC_af769' failed
make[1]: *** [cmTC_af769] Error 1
make[1]: Leaving directory '/home/jack/Documents/CS430/Proj5/glfw-3.2.1/CMakeFiles/CMakeTmp'
Makefile:126: recipe for target 'cmTC_af769/fast' failed
make: *** [cmTC_af769/fast] Error 2


